<?xml version="1.0" encoding="UTF-8"?>
<coverage generated="1728505489470" clover="3.2.0">
  <project timestamp="1728505489470" name="All files">
    <metrics statements="48" coveredstatements="48" conditionals="10" coveredconditionals="10" methods="38" coveredmethods="38" elements="96" coveredelements="96" complexity="0" loc="48" ncloc="48" packages="1" files="2" classes="2"/>
    <file name="todo.js" path="/Users/bethanygrigsby/launch-school/JS130_TodoList/todo.js">
      <metrics statements="11" coveredstatements="11" conditionals="2" coveredconditionals="2" methods="6" coveredmethods="6"/>
      <line num="2" count="1" type="stmt"/>
      <line num="3" count="1" type="stmt"/>
      <line num="6" count="69" type="stmt"/>
      <line num="7" count="69" type="stmt"/>
      <line num="11" count="15" type="cond" truecount="2" falsecount="0"/>
      <line num="12" count="15" type="stmt"/>
      <line num="16" count="27" type="stmt"/>
      <line num="20" count="4" type="stmt"/>
      <line num="24" count="51" type="stmt"/>
      <line num="28" count="2" type="stmt"/>
      <line num="32" count="1" type="stmt"/>
    </file>
    <file name="todolist.js" path="/Users/bethanygrigsby/launch-school/JS130_TodoList/todolist.js">
      <metrics statements="37" coveredstatements="37" conditionals="8" coveredconditionals="8" methods="32" coveredmethods="32"/>
      <line num="5" count="1" type="stmt"/>
      <line num="9" count="35" type="stmt"/>
      <line num="10" count="35" type="stmt"/>
      <line num="14" count="86" type="cond" truecount="2" falsecount="0"/>
      <line num="15" count="4" type="stmt"/>
      <line num="19" count="86" type="stmt"/>
      <line num="23" count="2" type="stmt"/>
      <line num="27" count="7" type="stmt"/>
      <line num="31" count="1" type="stmt"/>
      <line num="35" count="6" type="stmt"/>
      <line num="36" count="4" type="stmt"/>
      <line num="40" count="3" type="stmt"/>
      <line num="44" count="1" type="stmt"/>
      <line num="48" count="5" type="stmt"/>
      <line num="52" count="1" type="stmt"/>
      <line num="56" count="1" type="stmt"/>
      <line num="60" count="2" type="stmt"/>
      <line num="61" count="1" type="stmt"/>
      <line num="65" count="5" type="stmt"/>
      <line num="66" count="15" type="stmt"/>
      <line num="67" count="5" type="stmt"/>
      <line num="71" count="18" type="stmt"/>
      <line num="75" count="11" type="stmt"/>
      <line num="76" count="11" type="stmt"/>
      <line num="77" count="33" type="cond" truecount="2" falsecount="0"/>
      <line num="79" count="11" type="stmt"/>
      <line num="83" count="18" type="stmt"/>
      <line num="87" count="6" type="stmt"/>
      <line num="91" count="6" type="stmt"/>
      <line num="95" count="2" type="stmt"/>
      <line num="96" count="2" type="cond" truecount="2" falsecount="0"/>
      <line num="100" count="18" type="stmt"/>
      <line num="104" count="3" type="stmt"/>
      <line num="108" count="9" type="stmt"/>
      <line num="112" count="8" type="cond" truecount="2" falsecount="0"/>
      <line num="113" count="3" type="stmt"/>
      <line num="118" count="1" type="stmt"/>
    </file>
  </project>
</coverage>
