{"/Users/bethanygrigsby/launch-school/JS130_TodoList/todo.js": {"path":"/Users/bethanygrigsby/launch-school/JS130_TodoList/todo.js","statementMap":{"0":{"start":{"line":2,"column":23},"end":{"line":2,"column":26}},"1":{"start":{"line":3,"column":25},"end":{"line":3,"column":28}},"2":{"start":{"line":6,"column":4},"end":{"line":6,"column":23}},"3":{"start":{"line":7,"column":4},"end":{"line":7,"column":22}},"4":{"start":{"line":11,"column":17},"end":{"line":11,"column":70}},"5":{"start":{"line":12,"column":4},"end":{"line":12,"column":39}},"6":{"start":{"line":16,"column":4},"end":{"line":16,"column":21}},"7":{"start":{"line":20,"column":4},"end":{"line":20,"column":22}},"8":{"start":{"line":24,"column":4},"end":{"line":24,"column":21}},"9":{"start":{"line":28,"column":4},"end":{"line":28,"column":22}},"10":{"start":{"line":32,"column":0},"end":{"line":32,"column":22}}},"fnMap":{"0":{"name":"(anonymous_0)","decl":{"start":{"line":5,"column":2},"end":{"line":5,"column":3}},"loc":{"start":{"line":5,"column":21},"end":{"line":8,"column":3}},"line":5},"1":{"name":"(anonymous_1)","decl":{"start":{"line":10,"column":2},"end":{"line":10,"column":3}},"loc":{"start":{"line":10,"column":13},"end":{"line":13,"column":3}},"line":10},"2":{"name":"(anonymous_2)","decl":{"start":{"line":15,"column":2},"end":{"line":15,"column":3}},"loc":{"start":{"line":15,"column":13},"end":{"line":17,"column":3}},"line":15},"3":{"name":"(anonymous_3)","decl":{"start":{"line":19,"column":2},"end":{"line":19,"column":3}},"loc":{"start":{"line":19,"column":15},"end":{"line":21,"column":3}},"line":19},"4":{"name":"(anonymous_4)","decl":{"start":{"line":23,"column":2},"end":{"line":23,"column":3}},"loc":{"start":{"line":23,"column":11},"end":{"line":25,"column":3}},"line":23},"5":{"name":"(anonymous_5)","decl":{"start":{"line":27,"column":2},"end":{"line":27,"column":3}},"loc":{"start":{"line":27,"column":13},"end":{"line":29,"column":3}},"line":27}},"branchMap":{"0":{"loc":{"start":{"line":11,"column":17},"end":{"line":11,"column":70}},"type":"cond-expr","locations":[{"start":{"line":11,"column":33},"end":{"line":11,"column":49}},{"start":{"line":11,"column":52},"end":{"line":11,"column":70}}],"line":11}},"s":{"0":1,"1":1,"2":69,"3":69,"4":15,"5":15,"6":27,"7":4,"8":51,"9":2,"10":1},"f":{"0":69,"1":15,"2":27,"3":4,"4":51,"5":2},"b":{"0":[10,5]},"_coverageSchema":"1a1c01bbd47fc00a2c39e90264f33305004495a9","hash":"7c18a7e3728056fb1d0319e910e03d43da3d56e8"}
,"/Users/bethanygrigsby/launch-school/JS130_TodoList/todolist.js": {"path":"/Users/bethanygrigsby/launch-school/JS130_TodoList/todolist.js","statementMap":{"0":{"start":{"line":5,"column":13},"end":{"line":5,"column":33}},"1":{"start":{"line":9,"column":4},"end":{"line":9,"column":23}},"2":{"start":{"line":10,"column":4},"end":{"line":10,"column":20}},"3":{"start":{"line":14,"column":4},"end":{"line":15,"column":58}},"4":{"start":{"line":14,"column":27},"end":{"line":14,"column":49}},"5":{"start":{"line":15,"column":9},"end":{"line":15,"column":58}},"6":{"start":{"line":19,"column":4},"end":{"line":19,"column":32}},"7":{"start":{"line":23,"column":4},"end":{"line":23,"column":29}},"8":{"start":{"line":27,"column":4},"end":{"line":27,"column":25}},"9":{"start":{"line":31,"column":4},"end":{"line":31,"column":39}},"10":{"start":{"line":35,"column":4},"end":{"line":35,"column":31}},"11":{"start":{"line":36,"column":4},"end":{"line":36,"column":29}},"12":{"start":{"line":40,"column":4},"end":{"line":40,"column":34}},"13":{"start":{"line":44,"column":4},"end":{"line":44,"column":36}},"14":{"start":{"line":48,"column":4},"end":{"line":48,"column":51}},"15":{"start":{"line":48,"column":36},"end":{"line":48,"column":49}},"16":{"start":{"line":52,"column":4},"end":{"line":52,"column":30}},"17":{"start":{"line":56,"column":4},"end":{"line":56,"column":28}},"18":{"start":{"line":60,"column":4},"end":{"line":60,"column":31}},"19":{"start":{"line":61,"column":4},"end":{"line":61,"column":39}},"20":{"start":{"line":65,"column":16},"end":{"line":65,"column":41}},"21":{"start":{"line":66,"column":15},"end":{"line":66,"column":65}},"22":{"start":{"line":66,"column":38},"end":{"line":66,"column":53}},"23":{"start":{"line":67,"column":4},"end":{"line":67,"column":31}},"24":{"start":{"line":71,"column":4},"end":{"line":71,"column":29}},"25":{"start":{"line":75,"column":18},"end":{"line":75,"column":42}},"26":{"start":{"line":76,"column":4},"end":{"line":78,"column":7}},"27":{"start":{"line":77,"column":6},"end":{"line":77,"column":40}},"28":{"start":{"line":77,"column":22},"end":{"line":77,"column":40}},"29":{"start":{"line":79,"column":4},"end":{"line":79,"column":19}},"30":{"start":{"line":83,"column":4},"end":{"line":83,"column":61}},"31":{"start":{"line":83,"column":31},"end":{"line":83,"column":51}},"32":{"start":{"line":87,"column":4},"end":{"line":87,"column":46}},"33":{"start":{"line":87,"column":31},"end":{"line":87,"column":44}},"34":{"start":{"line":91,"column":4},"end":{"line":91,"column":47}},"35":{"start":{"line":91,"column":31},"end":{"line":91,"column":45}},"36":{"start":{"line":95,"column":15},"end":{"line":95,"column":38}},"37":{"start":{"line":96,"column":4},"end":{"line":96,"column":30}},"38":{"start":{"line":96,"column":14},"end":{"line":96,"column":30}},"39":{"start":{"line":100,"column":4},"end":{"line":100,"column":42}},"40":{"start":{"line":100,"column":25},"end":{"line":100,"column":40}},"41":{"start":{"line":104,"column":4},"end":{"line":104,"column":44}},"42":{"start":{"line":104,"column":25},"end":{"line":104,"column":42}},"43":{"start":{"line":108,"column":4},"end":{"line":108,"column":30}},"44":{"start":{"line":112,"column":4},"end":{"line":114,"column":5}},"45":{"start":{"line":113,"column":6},"end":{"line":113,"column":58}},"46":{"start":{"line":118,"column":0},"end":{"line":118,"column":26}}},"fnMap":{"0":{"name":"(anonymous_0)","decl":{"start":{"line":8,"column":2},"end":{"line":8,"column":3}},"loc":{"start":{"line":8,"column":21},"end":{"line":11,"column":3}},"line":8},"1":{"name":"(anonymous_1)","decl":{"start":{"line":13,"column":2},"end":{"line":13,"column":3}},"loc":{"start":{"line":13,"column":12},"end":{"line":16,"column":3}},"line":13},"2":{"name":"(anonymous_2)","decl":{"start":{"line":18,"column":2},"end":{"line":18,"column":3}},"loc":{"start":{"line":18,"column":15},"end":{"line":20,"column":3}},"line":18},"3":{"name":"(anonymous_3)","decl":{"start":{"line":22,"column":2},"end":{"line":22,"column":3}},"loc":{"start":{"line":22,"column":9},"end":{"line":24,"column":3}},"line":22},"4":{"name":"(anonymous_4)","decl":{"start":{"line":26,"column":2},"end":{"line":26,"column":3}},"loc":{"start":{"line":26,"column":10},"end":{"line":28,"column":3}},"line":26},"5":{"name":"(anonymous_5)","decl":{"start":{"line":30,"column":2},"end":{"line":30,"column":3}},"loc":{"start":{"line":30,"column":9},"end":{"line":32,"column":3}},"line":30},"6":{"name":"(anonymous_6)","decl":{"start":{"line":34,"column":2},"end":{"line":34,"column":3}},"loc":{"start":{"line":34,"column":16},"end":{"line":37,"column":3}},"line":34},"7":{"name":"(anonymous_7)","decl":{"start":{"line":39,"column":2},"end":{"line":39,"column":3}},"loc":{"start":{"line":39,"column":20},"end":{"line":41,"column":3}},"line":39},"8":{"name":"(anonymous_8)","decl":{"start":{"line":43,"column":2},"end":{"line":43,"column":3}},"loc":{"start":{"line":43,"column":22},"end":{"line":45,"column":3}},"line":43},"9":{"name":"(anonymous_9)","decl":{"start":{"line":47,"column":2},"end":{"line":47,"column":3}},"loc":{"start":{"line":47,"column":11},"end":{"line":49,"column":3}},"line":47},"10":{"name":"(anonymous_10)","decl":{"start":{"line":48,"column":28},"end":{"line":48,"column":29}},"loc":{"start":{"line":48,"column":36},"end":{"line":48,"column":49}},"line":48},"11":{"name":"(anonymous_11)","decl":{"start":{"line":51,"column":2},"end":{"line":51,"column":3}},"loc":{"start":{"line":51,"column":10},"end":{"line":53,"column":3}},"line":51},"12":{"name":"(anonymous_12)","decl":{"start":{"line":55,"column":2},"end":{"line":55,"column":3}},"loc":{"start":{"line":55,"column":8},"end":{"line":57,"column":3}},"line":55},"13":{"name":"(anonymous_13)","decl":{"start":{"line":59,"column":2},"end":{"line":59,"column":3}},"loc":{"start":{"line":59,"column":18},"end":{"line":62,"column":3}},"line":59},"14":{"name":"(anonymous_14)","decl":{"start":{"line":64,"column":2},"end":{"line":64,"column":3}},"loc":{"start":{"line":64,"column":13},"end":{"line":68,"column":3}},"line":64},"15":{"name":"(anonymous_15)","decl":{"start":{"line":66,"column":30},"end":{"line":66,"column":31}},"loc":{"start":{"line":66,"column":38},"end":{"line":66,"column":53}},"line":66},"16":{"name":"(anonymous_16)","decl":{"start":{"line":70,"column":2},"end":{"line":70,"column":3}},"loc":{"start":{"line":70,"column":16},"end":{"line":72,"column":3}},"line":70},"17":{"name":"(anonymous_17)","decl":{"start":{"line":74,"column":2},"end":{"line":74,"column":3}},"loc":{"start":{"line":74,"column":15},"end":{"line":80,"column":3}},"line":74},"18":{"name":"(anonymous_18)","decl":{"start":{"line":76,"column":17},"end":{"line":76,"column":18}},"loc":{"start":{"line":76,"column":25},"end":{"line":78,"column":5}},"line":76},"19":{"name":"(anonymous_19)","decl":{"start":{"line":82,"column":2},"end":{"line":82,"column":3}},"loc":{"start":{"line":82,"column":21},"end":{"line":84,"column":3}},"line":82},"20":{"name":"(anonymous_20)","decl":{"start":{"line":83,"column":23},"end":{"line":83,"column":24}},"loc":{"start":{"line":83,"column":31},"end":{"line":83,"column":51}},"line":83},"21":{"name":"(anonymous_21)","decl":{"start":{"line":86,"column":2},"end":{"line":86,"column":3}},"loc":{"start":{"line":86,"column":12},"end":{"line":88,"column":3}},"line":86},"22":{"name":"(anonymous_22)","decl":{"start":{"line":87,"column":23},"end":{"line":87,"column":24}},"loc":{"start":{"line":87,"column":31},"end":{"line":87,"column":44}},"line":87},"23":{"name":"(anonymous_23)","decl":{"start":{"line":90,"column":2},"end":{"line":90,"column":3}},"loc":{"start":{"line":90,"column":15},"end":{"line":92,"column":3}},"line":90},"24":{"name":"(anonymous_24)","decl":{"start":{"line":91,"column":23},"end":{"line":91,"column":24}},"loc":{"start":{"line":91,"column":31},"end":{"line":91,"column":45}},"line":91},"25":{"name":"(anonymous_25)","decl":{"start":{"line":94,"column":2},"end":{"line":94,"column":3}},"loc":{"start":{"line":94,"column":18},"end":{"line":97,"column":3}},"line":94},"26":{"name":"(anonymous_26)","decl":{"start":{"line":99,"column":2},"end":{"line":99,"column":3}},"loc":{"start":{"line":99,"column":16},"end":{"line":101,"column":3}},"line":99},"27":{"name":"(anonymous_27)","decl":{"start":{"line":100,"column":17},"end":{"line":100,"column":18}},"loc":{"start":{"line":100,"column":25},"end":{"line":100,"column":40}},"line":100},"28":{"name":"(anonymous_28)","decl":{"start":{"line":103,"column":2},"end":{"line":103,"column":3}},"loc":{"start":{"line":103,"column":18},"end":{"line":105,"column":3}},"line":103},"29":{"name":"(anonymous_29)","decl":{"start":{"line":104,"column":17},"end":{"line":104,"column":18}},"loc":{"start":{"line":104,"column":25},"end":{"line":104,"column":42}},"line":104},"30":{"name":"(anonymous_30)","decl":{"start":{"line":107,"column":2},"end":{"line":107,"column":3}},"loc":{"start":{"line":107,"column":12},"end":{"line":109,"column":3}},"line":107},"31":{"name":"(anonymous_31)","decl":{"start":{"line":111,"column":2},"end":{"line":111,"column":3}},"loc":{"start":{"line":111,"column":24},"end":{"line":115,"column":3}},"line":111}},"branchMap":{"0":{"loc":{"start":{"line":14,"column":4},"end":{"line":15,"column":58}},"type":"if","locations":[{"start":{"line":14,"column":4},"end":{"line":15,"column":58}},{"start":{"line":15,"column":9},"end":{"line":15,"column":58}}],"line":14},"1":{"loc":{"start":{"line":77,"column":6},"end":{"line":77,"column":40}},"type":"if","locations":[{"start":{"line":77,"column":6},"end":{"line":77,"column":40}},{"start":{},"end":{}}],"line":77},"2":{"loc":{"start":{"line":96,"column":4},"end":{"line":96,"column":30}},"type":"if","locations":[{"start":{"line":96,"column":4},"end":{"line":96,"column":30}},{"start":{},"end":{}}],"line":96},"3":{"loc":{"start":{"line":112,"column":4},"end":{"line":114,"column":5}},"type":"if","locations":[{"start":{"line":112,"column":4},"end":{"line":114,"column":5}},{"start":{},"end":{}}],"line":112}},"s":{"0":1,"1":35,"2":35,"3":86,"4":82,"5":4,"6":86,"7":2,"8":7,"9":1,"10":6,"11":4,"12":3,"13":1,"14":3,"15":5,"16":1,"17":1,"18":2,"19":1,"20":5,"21":5,"22":15,"23":5,"24":18,"25":11,"26":11,"27":33,"28":13,"29":11,"30":6,"31":18,"32":2,"33":6,"34":2,"35":6,"36":2,"37":2,"38":1,"39":6,"40":18,"41":1,"42":3,"43":9,"44":8,"45":3,"46":1},"f":{"0":35,"1":86,"2":86,"3":2,"4":7,"5":1,"6":6,"7":3,"8":1,"9":3,"10":5,"11":1,"12":1,"13":2,"14":5,"15":15,"16":18,"17":11,"18":33,"19":6,"20":18,"21":2,"22":6,"23":2,"24":6,"25":2,"26":6,"27":18,"28":1,"29":3,"30":9,"31":8},"b":{"0":[82,4],"1":[13,20],"2":[1,1],"3":[3,5]},"_coverageSchema":"1a1c01bbd47fc00a2c39e90264f33305004495a9","hash":"7c03f6f274c5cb6a39be936e587a53516eaeb044"}
}
