TN:
SF:todo.js
FN:5,(anonymous_0)
FN:10,(anonymous_1)
FN:15,(anonymous_2)
FN:19,(anonymous_3)
FN:23,(anonymous_4)
FN:27,(anonymous_5)
FNF:6
FNH:6
FNDA:69,(anonymous_0)
FNDA:15,(anonymous_1)
FNDA:27,(anonymous_2)
FNDA:4,(anonymous_3)
FNDA:51,(anonymous_4)
FNDA:2,(anonymous_5)
DA:2,1
DA:3,1
DA:6,69
DA:7,69
DA:11,15
DA:12,15
DA:16,27
DA:20,4
DA:24,51
DA:28,2
DA:32,1
LF:11
LH:11
BRDA:11,0,0,10
BRDA:11,0,1,5
BRF:2
BRH:2
end_of_record
TN:
SF:todolist.js
FN:8,(anonymous_0)
FN:13,(anonymous_1)
FN:18,(anonymous_2)
FN:22,(anonymous_3)
FN:26,(anonymous_4)
FN:30,(anonymous_5)
FN:34,(anonymous_6)
FN:39,(anonymous_7)
FN:43,(anonymous_8)
FN:47,(anonymous_9)
FN:48,(anonymous_10)
FN:51,(anonymous_11)
FN:55,(anonymous_12)
FN:59,(anonymous_13)
FN:64,(anonymous_14)
FN:66,(anonymous_15)
FN:70,(anonymous_16)
FN:74,(anonymous_17)
FN:76,(anonymous_18)
FN:82,(anonymous_19)
FN:83,(anonymous_20)
FN:86,(anonymous_21)
FN:87,(anonymous_22)
FN:90,(anonymous_23)
FN:91,(anonymous_24)
FN:94,(anonymous_25)
FN:99,(anonymous_26)
FN:100,(anonymous_27)
FN:103,(anonymous_28)
FN:104,(anonymous_29)
FN:107,(anonymous_30)
FN:111,(anonymous_31)
FNF:32
FNH:32
FNDA:35,(anonymous_0)
FNDA:86,(anonymous_1)
FNDA:86,(anonymous_2)
FNDA:2,(anonymous_3)
FNDA:7,(anonymous_4)
FNDA:1,(anonymous_5)
FNDA:6,(anonymous_6)
FNDA:3,(anonymous_7)
FNDA:1,(anonymous_8)
FNDA:3,(anonymous_9)
FNDA:5,(anonymous_10)
FNDA:1,(anonymous_11)
FNDA:1,(anonymous_12)
FNDA:2,(anonymous_13)
FNDA:5,(anonymous_14)
FNDA:15,(anonymous_15)
FNDA:18,(anonymous_16)
FNDA:11,(anonymous_17)
FNDA:33,(anonymous_18)
FNDA:6,(anonymous_19)
FNDA:18,(anonymous_20)
FNDA:2,(anonymous_21)
FNDA:6,(anonymous_22)
FNDA:2,(anonymous_23)
FNDA:6,(anonymous_24)
FNDA:2,(anonymous_25)
FNDA:6,(anonymous_26)
FNDA:18,(anonymous_27)
FNDA:1,(anonymous_28)
FNDA:3,(anonymous_29)
FNDA:9,(anonymous_30)
FNDA:8,(anonymous_31)
DA:5,1
DA:9,35
DA:10,35
DA:14,86
DA:15,4
DA:19,86
DA:23,2
DA:27,7
DA:31,1
DA:35,6
DA:36,4
DA:40,3
DA:44,1
DA:48,5
DA:52,1
DA:56,1
DA:60,2
DA:61,1
DA:65,5
DA:66,15
DA:67,5
DA:71,18
DA:75,11
DA:76,11
DA:77,33
DA:79,11
DA:83,18
DA:87,6
DA:91,6
DA:95,2
DA:96,2
DA:100,18
DA:104,3
DA:108,9
DA:112,8
DA:113,3
DA:118,1
LF:37
LH:37
BRDA:14,0,0,82
BRDA:14,0,1,4
BRDA:77,1,0,13
BRDA:77,1,1,20
BRDA:96,2,0,1
BRDA:96,2,1,1
BRDA:112,3,0,3
BRDA:112,3,1,5
BRF:8
BRH:8
end_of_record
